<?xml version="1.0" encoding="UTF-8"?>
<!-- Generated by org.testng.reporters.JUnitReportReporter -->
<testsuite hostname="ZAVSDCW10H0187" name="testCases.Driver" tests="1" failures="0" timestamp="16 Aug 2022 07:30:15 GMT" time="327.711" errors="0">
  <testcase name="mainDriver" time="327.711" classname="testCases.Driver"/>
</testsuite> <!-- testCases.Driver -->
