<?xml version="1.0" encoding="UTF-8"?>
<testsuite name="TestSuite" time="327.712" tests="1" errors="0" skipped="0" failures="0">
  <properties>
    <property name="idea.version" value="2020.2.4"/>
    <property name="java.runtime.name" value="Java(TM) SE Runtime Environment"/>
    <property name="sun.boot.library.path" value="C:\Program Files (x86)\Java\jdk1.8.0_181\jre\bin"/>
    <property name="java.vm.version" value="25.181-b25"/>
    <property name="java.vm.vendor" value="Oracle Corporation"/>
    <property name="maven.multiModuleProjectDirectory" value="C:\Users\AB0233V\IdeaProjects\SAPIENS"/>
    <property name="java.vendor.url" value="http://java.oracle.com/"/>
    <property name="path.separator" value=";"/>
    <property name="guice.disable.misplaced.annotation.check" value="true"/>
    <property name="java.vm.name" value="Java HotSpot(TM) Client VM"/>
    <property name="file.encoding.pkg" value="sun.io"/>
    <property name="user.script" value=""/>
    <property name="user.country" value="US"/>
    <property name="sun.java.launcher" value="SUN_STANDARD"/>
    <property name="sun.os.patch.level" value=""/>
    <property name="java.vm.specification.name" value="Java Virtual Machine Specification"/>
    <property name="user.dir" value="C:\Users\AB0233V\IdeaProjects\SAPIENS"/>
    <property name="java.runtime.version" value="1.8.0_181-b25"/>
    <property name="java.awt.graphicsenv" value="sun.awt.Win32GraphicsEnvironment"/>
    <property name="basedir" value="C:\Users\AB0233V\IdeaProjects\SAPIENS"/>
    <property name="java.endorsed.dirs" value="C:\Program Files (x86)\Java\jdk1.8.0_181\jre\lib\endorsed"/>
    <property name="os.arch" value="x86"/>
    <property name="java.io.tmpdir" value="C:\Users\AB0233V\AppData\Local\Temp\"/>
    <property name="line.separator" value="&#10;"/>
    <property name="ScreeshotPath_Chrome" value="C:\Users\AB0233V\IdeaProjects\SAPIENS\TestResults\Result_Chrome_16-08-2022 12-54-49\Screenshots\002-Sapiens_New Policy Creation_8"/>
    <property name="java.vm.specification.vendor" value="Oracle Corporation"/>
    <property name="user.variant" value=""/>
    <property name="os.name" value="Windows 10"/>
    <property name="maven.ext.class.path" value="C:\Program Files\JetBrains\IntelliJ IDEA Community Edition 2020.2.3\plugins\maven\lib\maven-event-listener.jar"/>
    <property name="classworlds.conf" value="C:\Program Files\JetBrains\IntelliJ IDEA Community Edition 2020.2.3\plugins\maven\lib\maven3\bin\m2.conf"/>
    <property name="sun.jnu.encoding" value="Cp1252"/>
    <property name="java.library.path" value="C:\Program Files (x86)\Java\jdk1.8.0_181\bin;C:\WINDOWS\Sun\Java\bin;C:\WINDOWS\system32;C:\WINDOWS;C:\Program Files (x86)\Common Files\Oracle\Java\javapath;C:\WINDOWS\system32;C:\WINDOWS;C:\WINDOWS\System32\Wbem;C:\WINDOWS\System32\WindowsPowerShell\v1.0\;C:\WINDOWS\System32\OpenSSH\;C:\Program Files (x86)\Adaptiva\AdaptivaClient\bin\x32;C:\Program Files (x86)\Adaptiva\AdaptivaClient\bin\x64;C:\Program Files\Citrix\System32\;C:\Program Files\Citrix\ICAService\;C:\Program Files (x86)\Java\jdk1.8.0_181\bin;C:\Program Files\Java\jdk1.8.0_221\bin;;C:\Program Files\Microsoft VS Code\bin;C:\Program Files (x86)\Sennheiser\SenncomSDK\;C:\Users\AB0233V\AppData\Local\Microsoft\WindowsApps;;."/>
    <property name="surefire.test.class.path" value="C:\Users\AB0233V\IdeaProjects\SAPIENS\target\test-classes;C:\Users\AB0233V\IdeaProjects\SAPIENS\target\classes;C:\Users\AB0233V\.m2\repository\org\testng\testng\6.8\testng-6.8.jar;C:\Users\AB0233V\.m2\repository\junit\junit\4.10\junit-4.10.jar;C:\Users\AB0233V\.m2\repository\org\beanshell\bsh\2.0b4\bsh-2.0b4.jar;C:\Users\AB0233V\.m2\repository\com\beust\jcommander\1.27\jcommander-1.27.jar;C:\Users\AB0233V\.m2\repository\org\yaml\snakeyaml\1.6\snakeyaml-1.6.jar;C:\Users\AB0233V\.m2\repository\org\seleniumhq\selenium\selenium-java\3.9.1\selenium-java-3.9.1.jar;C:\Users\AB0233V\.m2\repository\org\seleniumhq\selenium\selenium-api\3.9.1\selenium-api-3.9.1.jar;C:\Users\AB0233V\.m2\repository\org\seleniumhq\selenium\selenium-chrome-driver\3.9.1\selenium-chrome-driver-3.9.1.jar;C:\Users\AB0233V\.m2\repository\org\seleniumhq\selenium\selenium-edge-driver\3.9.1\selenium-edge-driver-3.9.1.jar;C:\Users\AB0233V\.m2\repository\org\seleniumhq\selenium\selenium-opera-driver\3.9.1\selenium-opera-driver-3.9.1.jar;C:\Users\AB0233V\.m2\repository\org\seleniumhq\selenium\selenium-safari-driver\3.9.1\selenium-safari-driver-3.9.1.jar;C:\Users\AB0233V\.m2\repository\org\seleniumhq\selenium\selenium-support\3.9.1\selenium-support-3.9.1.jar;C:\Users\AB0233V\.m2\repository\net\bytebuddy\byte-buddy\1.7.9\byte-buddy-1.7.9.jar;C:\Users\AB0233V\.m2\repository\org\apache\commons\commons-exec\1.3\commons-exec-1.3.jar;C:\Users\AB0233V\.m2\repository\com\google\code\gson\gson\2.8.2\gson-2.8.2.jar;C:\Users\AB0233V\.m2\repository\com\google\guava\guava\23.6-jre\guava-23.6-jre.jar;C:\Users\AB0233V\.m2\repository\com\google\code\findbugs\jsr305\1.3.9\jsr305-1.3.9.jar;C:\Users\AB0233V\.m2\repository\org\checkerframework\checker-compat-qual\2.0.0\checker-compat-qual-2.0.0.jar;C:\Users\AB0233V\.m2\repository\com\google\errorprone\error_prone_annotations\2.1.3\error_prone_annotations-2.1.3.jar;C:\Users\AB0233V\.m2\repository\com\google\j2objc\j2objc-annotations\1.1\j2objc-annotations-1.1.jar;C:\Users\AB0233V\.m2\repository\org\codehaus\mojo\animal-sniffer-annotations\1.14\animal-sniffer-annotations-1.14.jar;C:\Users\AB0233V\.m2\repository\org\apache\httpcomponents\httpclient\4.5.3\httpclient-4.5.3.jar;C:\Users\AB0233V\.m2\repository\org\apache\httpcomponents\httpcore\4.4.6\httpcore-4.4.6.jar;C:\Users\AB0233V\.m2\repository\com\squareup\okhttp3\okhttp\3.9.1\okhttp-3.9.1.jar;C:\Users\AB0233V\.m2\repository\com\squareup\okio\okio\1.13.0\okio-1.13.0.jar;C:\Users\AB0233V\.m2\repository\org\seleniumhq\selenium\selenium-server\3.9.1\selenium-server-3.9.1.jar;C:\Users\AB0233V\.m2\repository\org\apache\commons\commons-text\1.1\commons-text-1.1.jar;C:\Users\AB0233V\.m2\repository\commons-io\commons-io\2.6\commons-io-2.6.jar;C:\Users\AB0233V\.m2\repository\commons-net\commons-net\3.6\commons-net-3.6.jar;C:\Users\AB0233V\.m2\repository\org\w3c\css\sac\1.3\sac-1.3.jar;C:\Users\AB0233V\.m2\repository\net\sourceforge\cssparser\cssparser\0.9.24\cssparser-0.9.24.jar;C:\Users\AB0233V\.m2\repository\net\sourceforge\htmlunit\htmlunit\2.29\htmlunit-2.29.jar;C:\Users\AB0233V\.m2\repository\net\sourceforge\htmlunit\htmlunit-core-js\2.28\htmlunit-core-js-2.28.jar;C:\Users\AB0233V\.m2\repository\net\sourceforge\htmlunit\neko-htmlunit\2.28\neko-htmlunit-2.28.jar;C:\Users\AB0233V\.m2\repository\org\apache\httpcomponents\httpmime\4.5.3\httpmime-4.5.3.jar;C:\Users\AB0233V\.m2\repository\net\jcip\jcip-annotations\1.0\jcip-annotations-1.0.jar;C:\Users\AB0233V\.m2\repository\org\seleniumhq\selenium\jetty-repacked\9.4.7.v20171121\jetty-repacked-9.4.7.v20171121.jar;C:\Users\AB0233V\.m2\repository\org\eclipse\jetty\jetty-client\9.4.7.v20170914\jetty-client-9.4.7.v20170914.jar;C:\Users\AB0233V\.m2\repository\org\eclipse\jetty\jetty-http\9.4.8.v20171121\jetty-http-9.4.8.v20171121.jar;C:\Users\AB0233V\.m2\repository\org\eclipse\jetty\jetty-io\9.4.8.v20171121\jetty-io-9.4.8.v20171121.jar;C:\Users\AB0233V\.m2\repository\org\eclipse\jetty\jetty-util\9.4.8.v20171121\jetty-util-9.4.8.v20171121.jar;C:\Users\AB0233V\.m2\repository\org\eclipse\jetty\jetty-xml\9.4.7.v20170914\jetty-xml-9.4.7.v20170914.jar;C:\Users\AB0233V\.m2\repository\org\seleniumhq\selenium\htmlunit-driver\2.29.0\htmlunit-driver-2.29.0.jar;C:\Users\AB0233V\.m2\repository\javax\servlet\javax.servlet-api\3.1.0\javax.servlet-api-3.1.0.jar;C:\Users\AB0233V\.m2\repository\org\eclipse\jetty\websocket\websocket-api\9.4.7.v20170914\websocket-api-9.4.7.v20170914.jar;C:\Users\AB0233V\.m2\repository\org\eclipse\jetty\websocket\websocket-client\9.4.7.v20170914\websocket-client-9.4.7.v20170914.jar;C:\Users\AB0233V\.m2\repository\org\eclipse\jetty\websocket\websocket-common\9.4.7.v20170914\websocket-common-9.4.7.v20170914.jar;C:\Users\AB0233V\.m2\repository\xalan\serializer\2.7.2\serializer-2.7.2.jar;C:\Users\AB0233V\.m2\repository\xalan\xalan\2.7.2\xalan-2.7.2.jar;C:\Users\AB0233V\.m2\repository\xerces\xercesImpl\2.11.0\xercesImpl-2.11.0.jar;C:\Users\AB0233V\.m2\repository\xml-apis\xml-apis\1.4.01\xml-apis-1.4.01.jar;C:\Users\AB0233V\.m2\repository\org\seleniumhq\selenium\selenium-ie-driver\3.9.1\selenium-ie-driver-3.9.1.jar;C:\Users\AB0233V\.m2\repository\org\apache\poi\poi\3.16-beta1\poi-3.16-beta1.jar;C:\Users\AB0233V\.m2\repository\org\apache\poi\poi-ooxml\3.16-beta1\poi-ooxml-3.16-beta1.jar;C:\Users\AB0233V\.m2\repository\com\github\virtuald\curvesapi\1.04\curvesapi-1.04.jar;C:\Users\AB0233V\.m2\repository\org\apache\poi\poi-ooxml-schemas\3.16-beta1\poi-ooxml-schemas-3.16-beta1.jar;C:\Users\AB0233V\.m2\repository\org\apache\poi\poi-excelant\3.16-beta1\poi-excelant-3.16-beta1.jar;C:\Users\AB0233V\.m2\repository\org\apache\ant\ant\1.8.2\ant-1.8.2.jar;C:\Users\AB0233V\.m2\repository\org\apache\ant\ant-launcher\1.8.2\ant-launcher-1.8.2.jar;C:\Users\AB0233V\.m2\repository\org\apache\poi\poi-scratchpad\3.16-beta1\poi-scratchpad-3.16-beta1.jar;C:\Users\AB0233V\.m2\repository\net\sf\opencsv\opencsv\2.3\opencsv-2.3.jar;C:\Users\AB0233V\.m2\repository\commons-codec\commons-codec\1.10\commons-codec-1.10.jar;C:\Users\AB0233V\.m2\repository\org\apache\commons\commons-collections4\4.1\commons-collections4-4.1.jar;C:\Users\AB0233V\.m2\repository\commons-logging\commons-logging\1.2\commons-logging-1.2.jar;C:\Users\AB0233V\.m2\repository\org\slf4j\slf4j-simple\1.7.36\slf4j-simple-1.7.36.jar;C:\Users\AB0233V\.m2\repository\org\slf4j\slf4j-api\1.7.36\slf4j-api-1.7.36.jar;C:\Users\AB0233V\.m2\repository\org\apache\xmlbeans\xmlbeans\2.6.0\xmlbeans-2.6.0.jar;C:\Users\AB0233V\.m2\repository\stax\stax-api\1.0.1\stax-api-1.0.1.jar;C:\Users\AB0233V\.m2\repository\org\apache\pdfbox\pdfbox-tools\2.0.5\pdfbox-tools-2.0.5.jar;C:\Users\AB0233V\.m2\repository\org\apache\pdfbox\pdfbox-debugger\2.0.5\pdfbox-debugger-2.0.5.jar;C:\Users\AB0233V\.m2\repository\org\apache\pdfbox\pdfbox\2.0.5\pdfbox-2.0.5.jar;C:\Users\AB0233V\.m2\repository\org\apache\pdfbox\fontbox\2.0.5\fontbox-2.0.5.jar;C:\Users\AB0233V\.m2\repository\com\relevantcodes\extentreports\2.41.2\extentreports-2.41.2.jar;C:\Users\AB0233V\.m2\repository\org\jsoup\jsoup\1.8.3\jsoup-1.8.3.jar;C:\Users\AB0233V\.m2\repository\org\xerial\sqlite-jdbc\3.8.11.1\sqlite-jdbc-3.8.11.1.jar;C:\Users\AB0233V\.m2\repository\org\freemarker\freemarker\2.3.23\freemarker-2.3.23.jar;C:\Users\AB0233V\.m2\repository\org\mongodb\mongodb-driver\3.0.4\mongodb-driver-3.0.4.jar;C:\Users\AB0233V\.m2\repository\org\mongodb\bson\3.0.4\bson-3.0.4.jar;C:\Users\AB0233V\.m2\repository\org\mongodb\mongodb-driver-core\3.0.4\mongodb-driver-core-3.0.4.jar;C:\Users\AB0233V\.m2\repository\org\seleniumhq\selenium\selenium-firefox-driver\3.9.1\selenium-firefox-driver-3.9.1.jar;C:\Users\AB0233V\.m2\repository\org\seleniumhq\selenium\selenium-remote-driver\3.9.1\selenium-remote-driver-3.9.1.jar;C:\Users\AB0233V\.m2\repository\ru\yandex\qatools\ashot\ashot\1.5.3\ashot-1.5.3.jar;C:\Users\AB0233V\.m2\repository\org\hamcrest\hamcrest-core\1.3\hamcrest-core-1.3.jar;C:\Users\AB0233V\.m2\repository\com\googlecode\lambdaj\lambdaj\2.3.3\lambdaj-2.3.3.jar;C:\Users\AB0233V\.m2\repository\org\hamcrest\hamcrest-all\1.1\hamcrest-all-1.1.jar;C:\Users\AB0233V\.m2\repository\org\objenesis\objenesis\1.2\objenesis-1.2.jar;C:\Users\AB0233V\.m2\repository\cglib\cglib-nodep\2.2\cglib-nodep-2.2.jar;C:\Users\AB0233V\.m2\repository\io\appium\java-client\6.0.0\java-client-6.0.0.jar;C:\Users\AB0233V\.m2\repository\cglib\cglib\3.2.6\cglib-3.2.6.jar;C:\Users\AB0233V\.m2\repository\commons-validator\commons-validator\1.6\commons-validator-1.6.jar;C:\Users\AB0233V\.m2\repository\commons-beanutils\commons-beanutils\1.9.2\commons-beanutils-1.9.2.jar;C:\Users\AB0233V\.m2\repository\commons-digester\commons-digester\1.8.1\commons-digester-1.8.1.jar;C:\Users\AB0233V\.m2\repository\org\springframework\spring-context\5.0.5.RELEASE\spring-context-5.0.5.RELEASE.jar;C:\Users\AB0233V\.m2\repository\org\springframework\spring-aop\5.0.5.RELEASE\spring-aop-5.0.5.RELEASE.jar;C:\Users\AB0233V\.m2\repository\org\springframework\spring-beans\5.0.5.RELEASE\spring-beans-5.0.5.RELEASE.jar;C:\Users\AB0233V\.m2\repository\org\springframework\spring-core\5.0.5.RELEASE\spring-core-5.0.5.RELEASE.jar;C:\Users\AB0233V\.m2\repository\org\springframework\spring-jcl\5.0.5.RELEASE\spring-jcl-5.0.5.RELEASE.jar;C:\Users\AB0233V\.m2\repository\org\springframework\spring-expression\5.0.5.RELEASE\spring-expression-5.0.5.RELEASE.jar;C:\Users\AB0233V\.m2\repository\org\aspectj\aspectjweaver\1.9.1\aspectjweaver-1.9.1.jar;C:\Users\AB0233V\.m2\repository\org\openpnp\opencv\3.2.0-1\opencv-3.2.0-1.jar;C:\Users\AB0233V\.m2\repository\javax\websocket\javax.websocket-api\1.1\javax.websocket-api-1.1.jar;C:\Users\AB0233V\.m2\repository\org\glassfish\tyrus\tyrus-client\1.13.1\tyrus-client-1.13.1.jar;C:\Users\AB0233V\.m2\repository\org\glassfish\tyrus\tyrus-core\1.13.1\tyrus-core-1.13.1.jar;C:\Users\AB0233V\.m2\repository\org\glassfish\tyrus\tyrus-spi\1.13.1\tyrus-spi-1.13.1.jar;C:\Users\AB0233V\.m2\repository\org\glassfish\tyrus\tyrus-container-grizzly\1.2.1\tyrus-container-grizzly-1.2.1.jar;C:\Users\AB0233V\.m2\repository\org\glassfish\grizzly\grizzly-framework\2.3.3\grizzly-framework-2.3.3.jar;C:\Users\AB0233V\.m2\repository\org\glassfish\grizzly\grizzly-http-server\2.3.3\grizzly-http-server-2.3.3.jar;C:\Users\AB0233V\.m2\repository\org\glassfish\grizzly\grizzly-http\2.3.3\grizzly-http-2.3.3.jar;C:\Users\AB0233V\.m2\repository\org\glassfish\grizzly\grizzly-rcm\2.3.3\grizzly-rcm-2.3.3.jar;C:\Users\AB0233V\.m2\repository\fr\opensagres\xdocreport\org.apache.poi.xwpf.converter.pdf\1.0.6\org.apache.poi.xwpf.converter.pdf-1.0.6.jar;C:\Users\AB0233V\.m2\repository\fr\opensagres\xdocreport\fr.opensagres.xdocreport.itext.extension\1.0.6\fr.opensagres.xdocreport.itext.extension-1.0.6.jar;C:\Users\AB0233V\.m2\repository\com\lowagie\itext\2.1.7\itext-2.1.7.jar;C:\Users\AB0233V\.m2\repository\fr\opensagres\xdocreport\org.apache.poi.xwpf.converter.xhtml\1.0.0\org.apache.poi.xwpf.converter.xhtml-1.0.0.jar;C:\Users\AB0233V\.m2\repository\fr\opensagres\xdocreport\org.apache.poi.xwpf.converter.core\1.0.0\org.apache.poi.xwpf.converter.core-1.0.0.jar;C:\Users\AB0233V\.m2\repository\org\apache\poi\ooxml-schemas\1.1\ooxml-schemas-1.1.jar;C:\Users\AB0233V\.m2\repository\org\docx4j\docx4j\2.8.1\docx4j-2.8.1.jar;C:\Users\AB0233V\.m2\repository\org\docx4j\xhtmlrenderer\1.0.0\xhtmlrenderer-1.0.0.jar;C:\Users\AB0233V\.m2\repository\org\plutext\jaxb-svg11\1.0.2\jaxb-svg11-1.0.2.jar;C:\Users\AB0233V\.m2\repository\org\plutext\jaxb-xslfo\1.0.1\jaxb-xslfo-1.0.1.jar;C:\Users\AB0233V\.m2\repository\org\plutext\jaxb-xmldsig-core\1.0.0\jaxb-xmldsig-core-1.0.0.jar;C:\Users\AB0233V\.m2\repository\log4j\log4j\1.2.15\log4j-1.2.15.jar;C:\Users\AB0233V\.m2\repository\commons-lang\commons-lang\2.4\commons-lang-2.4.jar;C:\Users\AB0233V\.m2\repository\org\apache\xmlgraphics\xmlgraphics-commons\1.4\xmlgraphics-commons-1.4.jar;C:\Users\AB0233V\.m2\repository\org\apache\xmlgraphics\fop\1.0\fop-1.0.jar;C:\Users\AB0233V\.m2\repository\org\apache\avalon\framework\avalon-framework-api\4.3.1\avalon-framework-api-4.3.1.jar;C:\Users\AB0233V\.m2\repository\org\apache\avalon\framework\avalon-framework-impl\4.3.1\avalon-framework-impl-4.3.1.jar;C:\Users\AB0233V\.m2\repository\net\arnx\wmf2svg\0.9.0\wmf2svg-0.9.0.jar;C:\Users\AB0233V\.m2\repository\org\antlr\antlr-runtime\3.3\antlr-runtime-3.3.jar;C:\Users\AB0233V\.m2\repository\org\antlr\stringtemplate\3.2.1\stringtemplate-3.2.1.jar;C:\Users\AB0233V\.m2\repository\antlr\antlr\2.7.7\antlr-2.7.7.jar;C:\Users\AB0233V\.m2\repository\org\apache\commons\commons-lang3\3.4\commons-lang3-3.4.jar;C:\Users\AB0233V\.m2\repository\commons-collections\commons-collections\3.2.2\commons-collections-3.2.2.jar;C:\Users\AB0233V\.m2\repository\org\apache\jmeter\jorphan\3.3\jorphan-3.3.jar;C:\Users\AB0233V\.m2\repository\org\ow2\asm\asm\5.2\asm-5.2.jar;C:\Users\AB0233V\.m2\repository\net\minidev\accessors-smart\1.2\accessors-smart-1.2.jar;C:\Users\AB0233V\.m2\repository\bsf\bsf\2.4.0\bsf-2.4.0.jar;C:\Users\AB0233V\.m2\repository\org\bouncycastle\bcmail-jdk15on\1.49\bcmail-jdk15on-1.49.jar;C:\Users\AB0233V\.m2\repository\org\bouncycastle\bcprov-jdk15on\1.49\bcprov-jdk15on-1.49.jar;C:\Users\AB0233V\.m2\repository\org\bouncycastle\bcpkix-jdk15on\1.49\bcpkix-jdk15on-1.49.jar;C:\Users\AB0233V\.m2\repository\org\brotli\dec\0.1.2\dec-0.1.2.jar;C:\Users\AB0233V\.m2\repository\com\github\ben-manes\caffeine\caffeine\2.5.5\caffeine-2.5.5.jar;C:\Users\AB0233V\.m2\repository\org\apache\commons\commons-dbcp2\2.1.1\commons-dbcp2-2.1.1.jar;C:\Users\AB0233V\.m2\repository\org\apache\commons\commons-jexl\2.1.1\commons-jexl-2.1.1.jar;C:\Users\AB0233V\.m2\repository\org\apache\commons\commons-jexl3\3.1\commons-jexl3-3.1.jar;C:\Users\AB0233V\.m2\repository\org\apache\commons\commons-math3\3.6.1\commons-math3-3.6.1.jar;C:\Users\AB0233V\.m2\repository\org\apache\commons\commons-pool2\2.4.2\commons-pool2-2.4.2.jar;C:\Users\AB0233V\.m2\repository\dnsjava\dnsjava\2.1.8\dnsjava-2.1.8.jar;C:\Users\AB0233V\.m2\repository\org\codehaus\groovy\groovy-all\2.4.12\groovy-all-2.4.12.jar;C:\Users\AB0233V\.m2\repository\org\apache\httpcomponents\httpasyncclient\4.1.3\httpasyncclient-4.1.3.jar;C:\Users\AB0233V\.m2\repository\org\apache\httpcomponents\httpcore-nio\4.4.7\httpcore-nio-4.4.7.jar;C:\Users\AB0233V\.m2\repository\oro\oro\2.0.8\oro-2.0.8.jar;C:\Users\AB0233V\.m2\repository\jcharts\jcharts\0.7.5\jcharts-0.7.5.jar;C:\Users\AB0233V\.m2\repository\org\mozilla\rhino\1.7.7.1\rhino-1.7.7.1.jar;C:\Users\AB0233V\.m2\repository\net\sf\jtidy\jtidy\r938\jtidy-r938.jar;C:\Users\AB0233V\.m2\repository\org\apache\tika\tika-core\1.16\tika-core-1.16.jar;C:\Users\AB0233V\.m2\repository\org\apache\tika\tika-parsers\1.16\tika-parsers-1.16.jar;C:\Users\AB0233V\.m2\repository\org\gagravarr\vorbis-java-tika\0.8\vorbis-java-tika-0.8.jar;C:\Users\AB0233V\.m2\repository\com\healthmarketscience\jackcess\jackcess\2.1.8\jackcess-2.1.8.jar;C:\Users\AB0233V\.m2\repository\com\healthmarketscience\jackcess\jackcess-encrypt\2.1.2\jackcess-encrypt-2.1.2.jar;C:\Users\AB0233V\.m2\repository\org\tallison\jmatio\1.2\jmatio-1.2.jar;C:\Users\AB0233V\.m2\repository\org\apache\james\apache-mime4j-core\0.8.1\apache-mime4j-core-0.8.1.jar;C:\Users\AB0233V\.m2\repository\org\apache\james\apache-mime4j-dom\0.8.1\apache-mime4j-dom-0.8.1.jar;C:\Users\AB0233V\.m2\repository\org\apache\commons\commons-compress\1.14\commons-compress-1.14.jar;C:\Users\AB0233V\.m2\repository\org\tukaani\xz\1.6\xz-1.6.jar;C:\Users\AB0233V\.m2\repository\org\apache\pdfbox\jempbox\1.8.13\jempbox-1.8.13.jar;C:\Users\AB0233V\.m2\repository\org\ccil\cowan\tagsoup\tagsoup\1.2.1\tagsoup-1.2.1.jar;C:\Users\AB0233V\.m2\repository\com\googlecode\mp4parser\isoparser\1.1.18\isoparser-1.1.18.jar;C:\Users\AB0233V\.m2\repository\com\drewnoakes\metadata-extractor\2.9.1\metadata-extractor-2.9.1.jar;C:\Users\AB0233V\.m2\repository\com\adobe\xmp\xmpcore\5.1.2\xmpcore-5.1.2.jar;C:\Users\AB0233V\.m2\repository\de\l3s\boilerpipe\boilerpipe\1.1.0\boilerpipe-1.1.0.jar;C:\Users\AB0233V\.m2\repository\com\rometools\rome\1.5.1\rome-1.5.1.jar;C:\Users\AB0233V\.m2\repository\com\rometools\rome-utils\1.5.1\rome-utils-1.5.1.jar;C:\Users\AB0233V\.m2\repository\org\gagravarr\vorbis-java-core\0.8\vorbis-java-core-0.8.jar;C:\Users\AB0233V\.m2\repository\com\googlecode\juniversalchardet\juniversalchardet\1.0.3\juniversalchardet-1.0.3.jar;C:\Users\AB0233V\.m2\repository\org\codelibs\jhighlight\1.0.2\jhighlight-1.0.2.jar;C:\Users\AB0233V\.m2\repository\com\pff\java-libpst\0.8.1\java-libpst-0.8.1.jar;C:\Users\AB0233V\.m2\repository\com\github\junrar\junrar\0.7\junrar-0.7.jar;C:\Users\AB0233V\.m2\repository\org\apache\commons\commons-vfs2\2.0\commons-vfs2-2.0.jar;C:\Users\AB0233V\.m2\repository\org\apache\maven\scm\maven-scm-api\1.4\maven-scm-api-1.4.jar;C:\Users\AB0233V\.m2\repository\org\codehaus\plexus\plexus-utils\1.5.6\plexus-utils-1.5.6.jar;C:\Users\AB0233V\.m2\repository\org\apache\maven\scm\maven-scm-provider-svnexe\1.4\maven-scm-provider-svnexe-1.4.jar;C:\Users\AB0233V\.m2\repository\org\apache\maven\scm\maven-scm-provider-svn-commons\1.4\maven-scm-provider-svn-commons-1.4.jar;C:\Users\AB0233V\.m2\repository\regexp\regexp\1.3\regexp-1.3.jar;C:\Users\AB0233V\.m2\repository\org\apache\cxf\cxf-rt-rs-client\3.0.12\cxf-rt-rs-client-3.0.12.jar;C:\Users\AB0233V\.m2\repository\org\apache\cxf\cxf-rt-transports-http\3.0.12\cxf-rt-transports-http-3.0.12.jar;C:\Users\AB0233V\.m2\repository\org\apache\cxf\cxf-core\3.0.12\cxf-core-3.0.12.jar;C:\Users\AB0233V\.m2\repository\org\codehaus\woodstox\woodstox-core-asl\4.4.1\woodstox-core-asl-4.4.1.jar;C:\Users\AB0233V\.m2\repository\org\codehaus\woodstox\stax2-api\3.1.4\stax2-api-3.1.4.jar;C:\Users\AB0233V\.m2\repository\org\apache\ws\xmlschema\xmlschema-core\2.2.1\xmlschema-core-2.2.1.jar;C:\Users\AB0233V\.m2\repository\org\apache\cxf\cxf-rt-frontend-jaxrs\3.0.12\cxf-rt-frontend-jaxrs-3.0.12.jar;C:\Users\AB0233V\.m2\repository\javax\ws\rs\javax.ws.rs-api\2.0.1\javax.ws.rs-api-2.0.1.jar;C:\Users\AB0233V\.m2\repository\javax\annotation\javax.annotation-api\1.2\javax.annotation-api-1.2.jar;C:\Users\AB0233V\.m2\repository\org\apache\opennlp\opennlp-tools\1.6.0\opennlp-tools-1.6.0.jar;C:\Users\AB0233V\.m2\repository\com\googlecode\json-simple\json-simple\1.1.1\json-simple-1.1.1.jar;C:\Users\AB0233V\.m2\repository\com\tdunning\json\1.8\json-1.8.jar;C:\Users\AB0233V\.m2\repository\org\slf4j\jul-to-slf4j\1.7.24\jul-to-slf4j-1.7.24.jar;C:\Users\AB0233V\.m2\repository\edu\ucar\netcdf4\4.5.5\netcdf4-4.5.5.jar;C:\Users\AB0233V\.m2\repository\edu\ucar\grib\4.5.5\grib-4.5.5.jar;C:\Users\AB0233V\.m2\repository\com\google\protobuf\protobuf-java\2.5.0\protobuf-java-2.5.0.jar;C:\Users\AB0233V\.m2\repository\org\jdom\jdom2\2.0.4\jdom2-2.0.4.jar;C:\Users\AB0233V\.m2\repository\org\itadaki\bzip2\0.9.1\bzip2-0.9.1.jar;C:\Users\AB0233V\.m2\repository\edu\ucar\cdm\4.5.5\cdm-4.5.5.jar;C:\Users\AB0233V\.m2\repository\edu\ucar\udunits\4.5.5\udunits-4.5.5.jar;C:\Users\AB0233V\.m2\repository\joda-time\joda-time\2.2\joda-time-2.2.jar;C:\Users\AB0233V\.m2\repository\org\quartz-scheduler\quartz\2.2.0\quartz-2.2.0.jar;C:\Users\AB0233V\.m2\repository\c3p0\c3p0\0.9.1.1\c3p0-0.9.1.1.jar;C:\Users\AB0233V\.m2\repository\net\sf\ehcache\ehcache-core\2.6.2\ehcache-core-2.6.2.jar;C:\Users\AB0233V\.m2\repository\edu\ucar\httpservices\4.5.5\httpservices-4.5.5.jar;C:\Users\AB0233V\.m2\repository\org\apache\commons\commons-csv\1.0\commons-csv-1.0.jar;C:\Users\AB0233V\.m2\repository\org\apache\sis\core\sis-utility\0.6\sis-utility-0.6.jar;C:\Users\AB0233V\.m2\repository\org\apache\sis\storage\sis-netcdf\0.6\sis-netcdf-0.6.jar;C:\Users\AB0233V\.m2\repository\org\apache\sis\storage\sis-storage\0.6\sis-storage-0.6.jar;C:\Users\AB0233V\.m2\repository\org\apache\sis\core\sis-referencing\0.6\sis-referencing-0.6.jar;C:\Users\AB0233V\.m2\repository\org\apache\sis\core\sis-metadata\0.6\sis-metadata-0.6.jar;C:\Users\AB0233V\.m2\repository\org\opengis\geoapi\3.0.0\geoapi-3.0.0.jar;C:\Users\AB0233V\.m2\repository\javax\measure\jsr-275\0.9.3\jsr-275-0.9.3.jar;C:\Users\AB0233V\.m2\repository\edu\usc\ir\sentiment-analysis-parser\0.1\sentiment-analysis-parser-0.1.jar;C:\Users\AB0233V\.m2\repository\com\fasterxml\jackson\core\jackson-core\2.8.1\jackson-core-2.8.1.jar;C:\Users\AB0233V\.m2\repository\com\thoughtworks\xstream\xstream\1.4.10\xstream-1.4.10.jar;C:\Users\AB0233V\.m2\repository\xmlpull\xmlpull\1.1.3.1\xmlpull-1.1.3.1.jar;C:\Users\AB0233V\.m2\repository\xpp3\xpp3_min\1.1.4c\xpp3_min-1.1.4c.jar;C:\Users\AB0233V\.m2\repository\javax\mail\mail\1.5.0-b01\mail-1.5.0-b01.jar;C:\Users\AB0233V\.m2\repository\javax\activation\activation\1.1\activation-1.1.jar;C:\Users\AB0233V\.m2\repository\org\apache\geronimo\specs\geronimo-jms_1.1_spec\1.1.1\geronimo-jms_1.1_spec-1.1.1.jar;C:\Users\AB0233V\.m2\repository\com\jayway\jsonpath\json-path\2.4.0\json-path-2.4.0.jar;C:\Users\AB0233V\.m2\repository\net\minidev\json-smart\2.3\json-smart-2.3.jar;C:\Users\AB0233V\.m2\repository\org\jodd\jodd-core\3.8.6\jodd-core-3.8.6.jar;C:\Users\AB0233V\.m2\repository\org\jodd\jodd-lagarto\3.8.6\jodd-lagarto-3.8.6.jar;C:\Users\AB0233V\.m2\repository\org\jodd\jodd-log\3.8.6\jodd-log-3.8.6.jar;C:\Users\AB0233V\.m2\repository\org\jodd\jodd-props\3.8.6\jodd-props-3.8.6.jar;C:\Users\AB0233V\.m2\repository\org\mongodb\mongo-java-driver\2.11.3\mongo-java-driver-2.11.3.jar;C:\Users\AB0233V\.m2\repository\com\helger\ph-css\5.0.4\ph-css-5.0.4.jar;C:\Users\AB0233V\.m2\repository\com\helger\ph-commons\8.6.6\ph-commons-8.6.6.jar;C:\Users\AB0233V\.m2\repository\com\fifesoft\rsyntaxtextarea\2.6.1\rsyntaxtextarea-2.6.1.jar;C:\Users\AB0233V\.m2\repository\org\slf4j\slf4j-ext\1.7.25\slf4j-ext-1.7.25.jar;C:\Users\AB0233V\.m2\repository\org\slf4j\jcl-over-slf4j\1.7.25\jcl-over-slf4j-1.7.25.jar;C:\Users\AB0233V\.m2\repository\org\apache\logging\log4j\log4j-api\2.8.2\log4j-api-2.8.2.jar;C:\Users\AB0233V\.m2\repository\org\apache\logging\log4j\log4j-core\2.8.2\log4j-core-2.8.2.jar;C:\Users\AB0233V\.m2\repository\org\apache\logging\log4j\log4j-slf4j-impl\2.8.2\log4j-slf4j-impl-2.8.2.jar;C:\Users\AB0233V\.m2\repository\org\apache\logging\log4j\log4j-1.2-api\2.8.2\log4j-1.2-api-2.8.2.jar;C:\Users\AB0233V\.m2\repository\org\exparity\hamcrest-date\2.0.4\hamcrest-date-2.0.4.jar;C:\Users\AB0233V\.m2\repository\org\apache\jmeter\ApacheJMeter_core\5.0\ApacheJMeter_core-5.0.jar;C:\Users\AB0233V\.m2\repository\org\apache-extras\beanshell\bsh\2.0b6\bsh-2.0b6.jar;C:\Users\AB0233V\.m2\repository\net\sf\saxon\Saxon-HE\9.8.0-12\Saxon-HE-9.8.0-12.jar;C:\Users\AB0233V\.m2\repository\javax\activation\javax.activation-api\1.2.0\javax.activation-api-1.2.0.jar;C:\Users\AB0233V\.m2\repository\com\sun\activation\javax.activation\1.2.0\javax.activation-1.2.0.jar;C:\Users\AB0233V\.m2\repository\io\github\bonigarcia\webdrivermanager\5.2.0\webdrivermanager-5.2.0.jar;C:\Users\AB0233V\.m2\repository\com\github\docker-java\docker-java\3.2.13\docker-java-3.2.13.jar;C:\Users\AB0233V\.m2\repository\com\github\docker-java\docker-java-core\3.2.13\docker-java-core-3.2.13.jar;C:\Users\AB0233V\.m2\repository\com\github\docker-java\docker-java-api\3.2.13\docker-java-api-3.2.13.jar;C:\Users\AB0233V\.m2\repository\com\fasterxml\jackson\core\jackson-annotations\2.10.3\jackson-annotations-2.10.3.jar;C:\Users\AB0233V\.m2\repository\com\fasterxml\jackson\core\jackson-databind\2.10.3\jackson-databind-2.10.3.jar;C:\Users\AB0233V\.m2\repository\com\github\docker-java\docker-java-transport-httpclient5\3.2.13\docker-java-transport-httpclient5-3.2.13.jar;C:\Users\AB0233V\.m2\repository\com\github\docker-java\docker-java-transport\3.2.13\docker-java-transport-3.2.13.jar;C:\Users\AB0233V\.m2\repository\net\java\dev\jna\jna\5.8.0\jna-5.8.0.jar;C:\Users\AB0233V\.m2\repository\org\apache\httpcomponents\client5\httpclient5\5.1.3\httpclient5-5.1.3.jar;C:\Users\AB0233V\.m2\repository\org\apache\httpcomponents\core5\httpcore5\5.1.3\httpcore5-5.1.3.jar;C:\Users\AB0233V\.m2\repository\org\apache\httpcomponents\core5\httpcore5-h2\5.1.3\httpcore5-h2-5.1.3.jar;C:\Users\AB0233V\.m2\repository\org\apache\maven\surefire\surefire-testng-utils\2.18.1\surefire-testng-utils-2.18.1.jar;C:\Users\AB0233V\.m2\repository\org\apache\maven\surefire\surefire-grouper\2.18.1\surefire-grouper-2.18.1.jar;"/>
    <property name="maven.conf" value="C:\Program Files\JetBrains\IntelliJ IDEA Community Edition 2020.2.3\plugins\maven\lib\maven3/conf"/>
    <property name="java.class.version" value="52.0"/>
    <property name="java.specification.name" value="Java Platform API Specification"/>
    <property name="sun.management.compiler" value="HotSpot Client Compiler"/>
    <property name="os.version" value="10.0"/>
    <property name="user.home" value="C:\Users\AB0233V"/>
    <property name="user.timezone" value="Asia/Calcutta"/>
    <property name="java.awt.printerjob" value="sun.awt.windows.WPrinterJob"/>
    <property name="java.specification.version" value="1.8"/>
    <property name="file.encoding" value="UTF-8"/>
    <property name="user.name" value="AB0233V"/>
    <property name="java.class.path" value="C:\Program Files\JetBrains\IntelliJ IDEA Community Edition 2020.2.3\plugins\maven\lib\maven3\boot\plexus-classworlds-2.6.0.jar;C:\Program Files\JetBrains\IntelliJ IDEA Community Edition 2020.2.3\plugins\maven\lib\maven3\boot\plexus-classworlds.license;C:\Program Files\JetBrains\IntelliJ IDEA Community Edition 2020.2.3\lib\idea_rt.jar"/>
    <property name="java.vm.specification.version" value="1.8"/>
    <property name="sun.arch.data.model" value="32"/>
    <property name="java.home" value="C:\Program Files (x86)\Java\jdk1.8.0_181\jre"/>
    <property name="sun.java.command" value="org.codehaus.classworlds.Launcher -Didea.version=2020.2.4 test"/>
    <property name="java.specification.vendor" value="Oracle Corporation"/>
    <property name="user.language" value="en"/>
    <property name="awt.toolkit" value="sun.awt.windows.WToolkit"/>
    <property name="java.vm.info" value="mixed mode, sharing"/>
    <property name="java.version" value="1.8.0_181"/>
    <property name="java.ext.dirs" value="C:\Program Files (x86)\Java\jdk1.8.0_181\jre\lib\ext;C:\WINDOWS\Sun\Java\lib\ext"/>
    <property name="sun.boot.class.path" value="C:\Program Files (x86)\Java\jdk1.8.0_181\jre\lib\resources.jar;C:\Program Files (x86)\Java\jdk1.8.0_181\jre\lib\rt.jar;C:\Program Files (x86)\Java\jdk1.8.0_181\jre\lib\sunrsasign.jar;C:\Program Files (x86)\Java\jdk1.8.0_181\jre\lib\jsse.jar;C:\Program Files (x86)\Java\jdk1.8.0_181\jre\lib\jce.jar;C:\Program Files (x86)\Java\jdk1.8.0_181\jre\lib\charsets.jar;C:\Program Files (x86)\Java\jdk1.8.0_181\jre\lib\jfr.jar;C:\Program Files (x86)\Java\jdk1.8.0_181\jre\classes"/>
    <property name="webdriver.chrome.driver" value="C:\Users\AB0233V\.cache\selenium\chromedriver\win32\103.0.5060.134\chromedriver.exe"/>
    <property name="java.vendor" value="Oracle Corporation"/>
    <property name="maven.home" value="C:\Program Files\JetBrains\IntelliJ IDEA Community Edition 2020.2.3\plugins\maven\lib\maven3"/>
    <property name="localRepository" value="C:\Users\AB0233V\.m2\repository"/>
    <property name="file.separator" value="\"/>
    <property name="java.vendor.url.bug" value="http://bugreport.sun.com/bugreport/"/>
    <property name="sun.cpu.endian" value="little"/>
    <property name="sun.io.unicode.encoding" value="UnicodeLittle"/>
    <property name="sun.desktop" value="windows"/>
    <property name="sun.cpu.isalist" value="pentium_pro+mmx pentium_pro pentium+mmx pentium i486 i386 i86"/>
  </properties>
  <testcase name="mainDriver on Thread[Thread-2,5,main]" classname="testCases.Driver" time="327.712"/>
</testsuite>